build/app/intermediates/manifest_merge_blame_file/debug/manifest-merger-blame-debug-report.txt
1<?xml version="1.0" encoding="utf-8"?>
2<manifest xmlns:android="http://schemas.android.com/apk/res/android"
3    package="com.carverauto.chaseapp"
4    android:versionCode="1"
5    android:versionName="1.0.0" >
6
7    <uses-sdk
8        android:minSdkVersion="21"
9        android:targetSdkVersion="28" />
10    <!--
11         Flutter needs it to communicate with the running application
12         to allow setting breakpoints, to provide hot reload, etc.
13    -->
14    <uses-permission android:name="android.permission.INTERNET" />
14-->src/debug/AndroidManifest.xml:6:5-66
14-->src/debug/AndroidManifest.xml:6:22-64
15    <uses-permission android:name="android.permission.READ_EXTERNAL_STORAGE" />
15-->src/main/AndroidManifest.xml:4:5-79
15-->src/main/AndroidManifest.xml:4:22-77
16    <uses-permission android:name="android.permission.MEDIA_CONTENT_CONTROL" />
16-->src/main/AndroidManifest.xml:3:5-79
16-->src/main/AndroidManifest.xml:3:22-77
17    <uses-permission android:name="android.permission.WRITE_EXTERNAL_STORAGE" />
17-->src/main/AndroidManifest.xml:5:5-80
17-->src/main/AndroidManifest.xml:5:22-78
18    <uses-permission android:name="android.permission.ACCESS_NETWORK_STATE" />
18-->[:firebase_analytics] AndroidManifest.xml:7:5-79
18-->[:firebase_analytics] AndroidManifest.xml:7:22-76
19    <uses-permission android:name="android.permission.WAKE_LOCK" />
19-->[:firebase_analytics] AndroidManifest.xml:9:5-68
19-->[:firebase_analytics] AndroidManifest.xml:9:22-65
20    <uses-permission android:name="com.android.vending.BILLING" /> <!-- Required by older versions of Google Play services to create IID tokens -->
20-->[com.revenuecat.purchases:purchases:3.5.2] AndroidManifest.xml:12:5-67
20-->[com.revenuecat.purchases:purchases:3.5.2] AndroidManifest.xml:12:22-64
21    <uses-permission android:name="com.google.android.c2dm.permission.RECEIVE" />
21-->[com.google.firebase:firebase-iid:20.3.0] AndroidManifest.xml:26:5-82
21-->[com.google.firebase:firebase-iid:20.3.0] AndroidManifest.xml:26:22-79
22    <uses-permission android:name="com.google.android.finsky.permission.BIND_GET_INSTALL_REFERRER_SERVICE" />
22-->[com.google.android.gms:play-services-measurement:17.6.0] AndroidManifest.xml:26:5-110
22-->[com.google.android.gms:play-services-measurement:17.6.0] AndroidManifest.xml:26:22-107
23    <!--
24 io.flutter.app.FlutterApplication is an android.app.Application that
25         calls FlutterMain.startInitialization(this); in its onCreate method.
26         In most cases you can leave this as-is, but you if you want to provide
27         additional functionality it is fine to subclass or reimplement
28         FlutterApplication and put your custom class here.
29    -->
30    <application
30-->src/main/AndroidManifest.xml:12:5-33:19
31        android:name="io.flutter.app.FlutterApplication"
31-->src/main/AndroidManifest.xml:13:9-57
32        android:appComponentFactory="androidx.core.app.CoreComponentFactory"
32-->[androidx.core:core:1.3.1] AndroidManifest.xml:24:18-86
33        android:debuggable="true"
34        android:icon="@mipmap/ic_launcher"
34-->src/main/AndroidManifest.xml:15:9-43
35        android:label="ChaseApp" >
35-->src/main/AndroidManifest.xml:14:9-33
36        <activity
36-->src/main/AndroidManifest.xml:16:9-27:20
37            android:name="com.carverauto.chaseapp.MainActivity"
37-->src/main/AndroidManifest.xml:17:13-41
38            android:configChanges="orientation|keyboardHidden|keyboard|screenSize|smallestScreenSize|locale|layoutDirection|fontScale|screenLayout|density|uiMode"
38-->src/main/AndroidManifest.xml:20:13-163
39            android:hardwareAccelerated="true"
39-->src/main/AndroidManifest.xml:21:13-47
40            android:launchMode="singleTop"
40-->src/main/AndroidManifest.xml:18:13-43
41            android:theme="@style/LaunchTheme"
41-->src/main/AndroidManifest.xml:19:13-47
42            android:windowSoftInputMode="adjustResize" >
42-->src/main/AndroidManifest.xml:22:13-55
43            <intent-filter>
43-->src/main/AndroidManifest.xml:23:13-26:29
44                <action android:name="android.intent.action.MAIN" />
44-->src/main/AndroidManifest.xml:24:17-68
44-->src/main/AndroidManifest.xml:24:25-66
45
46                <category android:name="android.intent.category.LAUNCHER" />
46-->src/main/AndroidManifest.xml:25:17-76
46-->src/main/AndroidManifest.xml:25:27-74
47            </intent-filter>
48        </activity>
49        <!--
50             Don't delete the meta-data below.
51             This is used by the Flutter tool to generate GeneratedPluginRegistrant.java
52        -->
53        <meta-data
53-->src/main/AndroidManifest.xml:30:9-32:33
54            android:name="flutterEmbedding"
54-->src/main/AndroidManifest.xml:31:13-44
55            android:value="2" />
55-->src/main/AndroidManifest.xml:32:13-30
56
57        <provider
57-->[:image_picker] AndroidManifest.xml:11:9-19:20
58            android:name="io.flutter.plugins.imagepicker.ImagePickerFileProvider"
58-->[:image_picker] AndroidManifest.xml:12:13-82
59            android:authorities="com.carverauto.chaseapp.flutter.image_provider"
59-->[:image_picker] AndroidManifest.xml:13:13-74
60            android:exported="false"
60-->[:image_picker] AndroidManifest.xml:14:13-37
61            android:grantUriPermissions="true" >
61-->[:image_picker] AndroidManifest.xml:15:13-47
62            <meta-data
62-->[:image_picker] AndroidManifest.xml:16:13-18:75
63                android:name="android.support.FILE_PROVIDER_PATHS"
63-->[:image_picker] AndroidManifest.xml:17:17-67
64                android:resource="@xml/flutter_image_picker_file_paths" />
64-->[:image_picker] AndroidManifest.xml:18:17-72
65        </provider>
66
67        <service
67-->[:cloud_firestore] AndroidManifest.xml:8:9-12:19
68            android:name="com.google.firebase.components.ComponentDiscoveryService"
68-->[:cloud_firestore] AndroidManifest.xml:8:18-89
69            android:directBootAware="true"
69-->[com.google.firebase:firebase-common:19.3.1] AndroidManifest.xml:35:13-43
70            android:exported="false" >
70-->[com.google.firebase:firebase-auth:19.4.0] AndroidManifest.xml:35:13-37
71            <meta-data
71-->[:cloud_firestore] AndroidManifest.xml:9:13-11:85
72                android:name="com.google.firebase.components:io.flutter.plugins.firebase.firestore.FlutterFirebaseFirestoreRegistrar"
72-->[:cloud_firestore] AndroidManifest.xml:10:17-134
73                android:value="com.google.firebase.components.ComponentRegistrar" />
73-->[:cloud_firestore] AndroidManifest.xml:11:17-82
74            <meta-data
74-->[:firebase_auth] AndroidManifest.xml:9:13-11:85
75                android:name="com.google.firebase.components:io.flutter.plugins.firebase.auth.FlutterFirebaseAuthRegistrar"
75-->[:firebase_auth] AndroidManifest.xml:10:17-124
76                android:value="com.google.firebase.components.ComponentRegistrar" />
76-->[:firebase_auth] AndroidManifest.xml:11:17-82
77            <meta-data
77-->[:firebase_database] AndroidManifest.xml:9:13-11:85
78                android:name="com.google.firebase.components:io.flutter.plugins.firebase.database.FlutterFirebaseAppRegistrar"
78-->[:firebase_database] AndroidManifest.xml:10:17-127
79                android:value="com.google.firebase.components.ComponentRegistrar" />
79-->[:firebase_database] AndroidManifest.xml:11:17-82
80            <meta-data
80-->[:firebase_storage] AndroidManifest.xml:9:13-11:85
81                android:name="com.google.firebase.components:io.flutter.plugins.firebase.storage.FlutterFirebaseAppRegistrar"
81-->[:firebase_storage] AndroidManifest.xml:10:17-126
82                android:value="com.google.firebase.components.ComponentRegistrar" />
82-->[:firebase_storage] AndroidManifest.xml:11:17-82
83            <meta-data
83-->[:firebase_messaging] AndroidManifest.xml:14:13-16:85
84                android:name="com.google.firebase.components:io.flutter.plugins.firebasemessaging.FlutterFirebaseAppRegistrar"
84-->[:firebase_messaging] AndroidManifest.xml:15:17-127
85                android:value="com.google.firebase.components.ComponentRegistrar" />
85-->[:firebase_messaging] AndroidManifest.xml:16:17-82
86            <meta-data
86-->[:firebase_analytics] AndroidManifest.xml:13:13-15:85
87                android:name="com.google.firebase.components:io.flutter.plugins.firebaseanalytics.FlutterFirebaseAppRegistrar"
87-->[:firebase_analytics] AndroidManifest.xml:14:17-127
88                android:value="com.google.firebase.components.ComponentRegistrar" />
88-->[:firebase_analytics] AndroidManifest.xml:15:17-82
89            <meta-data
89-->[:firebase_core] AndroidManifest.xml:9:13-11:85
90                android:name="com.google.firebase.components:io.flutter.plugins.firebase.core.FlutterFirebaseCoreRegistrar"
90-->[:firebase_core] AndroidManifest.xml:10:17-124
91                android:value="com.google.firebase.components.ComponentRegistrar" />
91-->[:firebase_core] AndroidManifest.xml:11:17-82
92            <meta-data
92-->[com.google.firebase:firebase-auth:19.4.0] AndroidManifest.xml:36:13-38:85
93                android:name="com.google.firebase.components:com.google.firebase.auth.FirebaseAuthRegistrar"
93-->[com.google.firebase:firebase-auth:19.4.0] AndroidManifest.xml:37:17-109
94                android:value="com.google.firebase.components.ComponentRegistrar" />
94-->[com.google.firebase:firebase-auth:19.4.0] AndroidManifest.xml:38:17-82
95            <meta-data
95-->[com.google.firebase:firebase-messaging:20.3.0] AndroidManifest.xml:39:13-41:85
96                android:name="com.google.firebase.components:com.google.firebase.messaging.FirebaseMessagingRegistrar"
96-->[com.google.firebase:firebase-messaging:20.3.0] AndroidManifest.xml:40:17-119
97                android:value="com.google.firebase.components.ComponentRegistrar" />
97-->[com.google.firebase:firebase-messaging:20.3.0] AndroidManifest.xml:41:17-82
98            <meta-data
98-->[com.google.firebase:firebase-firestore:21.7.1] AndroidManifest.xml:20:13-22:85
99                android:name="com.google.firebase.components:com.google.firebase.firestore.FirestoreRegistrar"
99-->[com.google.firebase:firebase-firestore:21.7.1] AndroidManifest.xml:21:17-111
100                android:value="com.google.firebase.components.ComponentRegistrar" />
100-->[com.google.firebase:firebase-firestore:21.7.1] AndroidManifest.xml:22:17-82
101            <meta-data
101-->[com.google.firebase:firebase-database:19.5.0] AndroidManifest.xml:32:13-34:85
102                android:name="com.google.firebase.components:com.google.firebase.database.DatabaseRegistrar"
102-->[com.google.firebase:firebase-database:19.5.0] AndroidManifest.xml:33:17-109
103                android:value="com.google.firebase.components.ComponentRegistrar" />
103-->[com.google.firebase:firebase-database:19.5.0] AndroidManifest.xml:34:17-82
104            <meta-data
104-->[com.google.firebase:firebase-storage:19.2.0] AndroidManifest.xml:33:13-35:85
105                android:name="com.google.firebase.components:com.google.firebase.storage.StorageRegistrar"
105-->[com.google.firebase:firebase-storage:19.2.0] AndroidManifest.xml:34:17-107
106                android:value="com.google.firebase.components.ComponentRegistrar" />
106-->[com.google.firebase:firebase-storage:19.2.0] AndroidManifest.xml:35:17-82
107            <meta-data
107-->[com.google.firebase:firebase-iid:20.3.0] AndroidManifest.xml:32:13-34:85
108                android:name="com.google.firebase.components:com.google.firebase.iid.Registrar"
108-->[com.google.firebase:firebase-iid:20.3.0] AndroidManifest.xml:33:17-96
109                android:value="com.google.firebase.components.ComponentRegistrar" />
109-->[com.google.firebase:firebase-iid:20.3.0] AndroidManifest.xml:34:17-82
110            <meta-data
110-->[com.google.android.gms:play-services-measurement-api:17.6.0] AndroidManifest.xml:30:13-32:85
111                android:name="com.google.firebase.components:com.google.firebase.analytics.connector.internal.AnalyticsConnectorRegistrar"
111-->[com.google.android.gms:play-services-measurement-api:17.6.0] AndroidManifest.xml:31:17-139
112                android:value="com.google.firebase.components.ComponentRegistrar" />
112-->[com.google.android.gms:play-services-measurement-api:17.6.0] AndroidManifest.xml:32:17-82
113            <meta-data
113-->[com.google.firebase:firebase-installations:16.3.3] AndroidManifest.xml:17:13-19:85
114                android:name="com.google.firebase.components:com.google.firebase.installations.FirebaseInstallationsRegistrar"
114-->[com.google.firebase:firebase-installations:16.3.3] AndroidManifest.xml:18:17-127
115                android:value="com.google.firebase.components.ComponentRegistrar" />
115-->[com.google.firebase:firebase-installations:16.3.3] AndroidManifest.xml:19:17-82
116            <meta-data
116-->[com.google.firebase:firebase-datatransport:17.0.3] AndroidManifest.xml:28:13-30:85
117                android:name="com.google.firebase.components:com.google.firebase.datatransport.TransportRegistrar"
117-->[com.google.firebase:firebase-datatransport:17.0.3] AndroidManifest.xml:29:17-115
118                android:value="com.google.firebase.components.ComponentRegistrar" />
118-->[com.google.firebase:firebase-datatransport:17.0.3] AndroidManifest.xml:30:17-82
119        </service>
120        <service android:name="io.flutter.plugins.firebasemessaging.FlutterFirebaseMessagingService" >
120-->[:firebase_messaging] AndroidManifest.xml:8:9-12:19
120-->[:firebase_messaging] AndroidManifest.xml:8:18-101
121            <intent-filter>
121-->[:firebase_messaging] AndroidManifest.xml:9:13-11:29
122                <action android:name="com.google.firebase.MESSAGING_EVENT" />
122-->[:firebase_messaging] AndroidManifest.xml:10:17-78
122-->[:firebase_messaging] AndroidManifest.xml:10:25-75
123            </intent-filter>
124        </service>
125
126        <provider
126-->[:share] AndroidManifest.xml:8:9-16:20
127            android:name="io.flutter.plugins.share.ShareFileProvider"
127-->[:share] AndroidManifest.xml:9:13-70
128            android:authorities="com.carverauto.chaseapp.flutter.share_provider"
128-->[:share] AndroidManifest.xml:10:13-74
129            android:exported="false"
129-->[:share] AndroidManifest.xml:11:13-37
130            android:grantUriPermissions="true" >
130-->[:share] AndroidManifest.xml:12:13-47
131            <meta-data
131-->[:image_picker] AndroidManifest.xml:16:13-18:75
132                android:name="android.support.FILE_PROVIDER_PATHS"
132-->[:image_picker] AndroidManifest.xml:17:17-67
133                android:resource="@xml/flutter_share_file_paths" />
133-->[:image_picker] AndroidManifest.xml:18:17-72
134        </provider>
135
136        <activity
136-->[:url_launcher] AndroidManifest.xml:8:9-11:74
137            android:name="io.flutter.plugins.urllauncher.WebViewActivity"
137-->[:url_launcher] AndroidManifest.xml:9:13-74
138            android:exported="false"
138-->[:url_launcher] AndroidManifest.xml:10:13-37
139            android:theme="@android:style/Theme.NoTitleBar.Fullscreen" />
139-->[:url_launcher] AndroidManifest.xml:11:13-71
140        <activity
140-->[com.google.firebase:firebase-auth:19.4.0] AndroidManifest.xml:24:9-31:50
141            android:name="com.google.firebase.auth.internal.FederatedSignInActivity"
141-->[com.google.firebase:firebase-auth:19.4.0] AndroidManifest.xml:25:13-85
142            android:excludeFromRecents="true"
142-->[com.google.firebase:firebase-auth:19.4.0] AndroidManifest.xml:26:13-46
143            android:exported="true"
143-->[com.google.firebase:firebase-auth:19.4.0] AndroidManifest.xml:27:13-36
144            android:launchMode="singleTask"
144-->[com.google.firebase:firebase-auth:19.4.0] AndroidManifest.xml:28:13-44
145            android:permission="com.google.firebase.auth.api.gms.permission.LAUNCH_FEDERATED_SIGN_IN"
145-->[com.google.firebase:firebase-auth:19.4.0] AndroidManifest.xml:29:13-102
146            android:theme="@android:style/Theme.Translucent.NoTitleBar" />
146-->[com.google.firebase:firebase-auth:19.4.0] AndroidManifest.xml:30:13-72
147        <activity
147-->[com.google.android.gms:play-services-auth:16.0.1] AndroidManifest.xml:23:9-27:75
148            android:name="com.google.android.gms.auth.api.signin.internal.SignInHubActivity"
148-->[com.google.android.gms:play-services-auth:16.0.1] AndroidManifest.xml:24:13-93
149            android:excludeFromRecents="true"
149-->[com.google.android.gms:play-services-auth:16.0.1] AndroidManifest.xml:25:13-46
150            android:exported="false"
150-->[com.google.android.gms:play-services-auth:16.0.1] AndroidManifest.xml:26:13-37
151            android:theme="@android:style/Theme.Translucent.NoTitleBar" />
151-->[com.google.android.gms:play-services-auth:16.0.1] AndroidManifest.xml:27:13-72
152        <!--
153            Service handling Google Sign-In user revocation. For apps that do not integrate with
154            Google Sign-In, this service will never be started.
155        -->
156        <service
156-->[com.google.android.gms:play-services-auth:16.0.1] AndroidManifest.xml:33:9-36:110
157            android:name="com.google.android.gms.auth.api.signin.RevocationBoundService"
157-->[com.google.android.gms:play-services-auth:16.0.1] AndroidManifest.xml:34:13-89
158            android:exported="true"
158-->[com.google.android.gms:play-services-auth:16.0.1] AndroidManifest.xml:35:13-36
159            android:permission="com.google.android.gms.auth.api.signin.permission.REVOCATION_NOTIFICATION" />
159-->[com.google.android.gms:play-services-auth:16.0.1] AndroidManifest.xml:36:13-107
160        <!--
161             FirebaseMessagingService performs security checks at runtime,
162             but set to not exported to explicitly avoid allowing another app to call it.
163        -->
164        <service
164-->[com.google.firebase:firebase-messaging:20.3.0] AndroidManifest.xml:28:9-35:19
165            android:name="com.google.firebase.messaging.FirebaseMessagingService"
165-->[com.google.firebase:firebase-messaging:20.3.0] AndroidManifest.xml:29:13-82
166            android:directBootAware="true"
166-->[com.google.firebase:firebase-messaging:20.3.0] AndroidManifest.xml:30:13-43
167            android:exported="false" >
167-->[com.google.firebase:firebase-messaging:20.3.0] AndroidManifest.xml:31:13-37
168            <intent-filter android:priority="-500" >
168-->[:firebase_messaging] AndroidManifest.xml:9:13-11:29
169                <action android:name="com.google.firebase.MESSAGING_EVENT" />
169-->[:firebase_messaging] AndroidManifest.xml:10:17-78
169-->[:firebase_messaging] AndroidManifest.xml:10:25-75
170            </intent-filter>
171        </service>
172
173        <receiver
173-->[com.google.firebase:firebase-iid:20.3.0] AndroidManifest.xml:37:9-44:20
174            android:name="com.google.firebase.iid.FirebaseInstanceIdReceiver"
174-->[com.google.firebase:firebase-iid:20.3.0] AndroidManifest.xml:38:13-78
175            android:exported="true"
175-->[com.google.firebase:firebase-iid:20.3.0] AndroidManifest.xml:39:13-36
176            android:permission="com.google.android.c2dm.permission.SEND" >
176-->[com.google.firebase:firebase-iid:20.3.0] AndroidManifest.xml:40:13-73
177            <intent-filter>
177-->[com.google.firebase:firebase-iid:20.3.0] AndroidManifest.xml:41:13-43:29
178                <action android:name="com.google.android.c2dm.intent.RECEIVE" />
178-->[com.google.firebase:firebase-iid:20.3.0] AndroidManifest.xml:42:17-81
178-->[com.google.firebase:firebase-iid:20.3.0] AndroidManifest.xml:42:25-78
179            </intent-filter>
180        </receiver>
181
182        <activity
182-->[com.google.android.gms:play-services-base:17.1.0] AndroidManifest.xml:23:9-26:75
183            android:name="com.google.android.gms.common.api.GoogleApiActivity"
183-->[com.google.android.gms:play-services-base:17.1.0] AndroidManifest.xml:24:13-79
184            android:exported="false"
184-->[com.google.android.gms:play-services-base:17.1.0] AndroidManifest.xml:25:13-37
185            android:theme="@android:style/Theme.Translucent.NoTitleBar" />
185-->[com.google.android.gms:play-services-base:17.1.0] AndroidManifest.xml:26:13-72
186
187        <provider
187-->[com.google.firebase:firebase-common:19.3.1] AndroidManifest.xml:26:9-31:39
188            android:name="com.google.firebase.provider.FirebaseInitProvider"
188-->[com.google.firebase:firebase-common:19.3.1] AndroidManifest.xml:27:13-77
189            android:authorities="com.carverauto.chaseapp.firebaseinitprovider"
189-->[com.google.firebase:firebase-common:19.3.1] AndroidManifest.xml:28:13-72
190            android:directBootAware="true"
190-->[com.google.firebase:firebase-common:19.3.1] AndroidManifest.xml:29:13-43
191            android:exported="false"
191-->[com.google.firebase:firebase-common:19.3.1] AndroidManifest.xml:30:13-37
192            android:initOrder="100" />
192-->[com.google.firebase:firebase-common:19.3.1] AndroidManifest.xml:31:13-36
193
194        <receiver
194-->[com.google.android.gms:play-services-measurement:17.6.0] AndroidManifest.xml:29:9-33:20
195            android:name="com.google.android.gms.measurement.AppMeasurementReceiver"
195-->[com.google.android.gms:play-services-measurement:17.6.0] AndroidManifest.xml:30:13-85
196            android:enabled="true"
196-->[com.google.android.gms:play-services-measurement:17.6.0] AndroidManifest.xml:31:13-35
197            android:exported="false" >
197-->[com.google.android.gms:play-services-measurement:17.6.0] AndroidManifest.xml:32:13-37
198        </receiver>
199
200        <service
200-->[com.google.android.gms:play-services-measurement:17.6.0] AndroidManifest.xml:35:9-38:40
201            android:name="com.google.android.gms.measurement.AppMeasurementService"
201-->[com.google.android.gms:play-services-measurement:17.6.0] AndroidManifest.xml:36:13-84
202            android:enabled="true"
202-->[com.google.android.gms:play-services-measurement:17.6.0] AndroidManifest.xml:37:13-35
203            android:exported="false" />
203-->[com.google.android.gms:play-services-measurement:17.6.0] AndroidManifest.xml:38:13-37
204        <service
204-->[com.google.android.gms:play-services-measurement:17.6.0] AndroidManifest.xml:39:9-43:72
205            android:name="com.google.android.gms.measurement.AppMeasurementJobService"
205-->[com.google.android.gms:play-services-measurement:17.6.0] AndroidManifest.xml:40:13-87
206            android:enabled="true"
206-->[com.google.android.gms:play-services-measurement:17.6.0] AndroidManifest.xml:41:13-35
207            android:exported="false"
207-->[com.google.android.gms:play-services-measurement:17.6.0] AndroidManifest.xml:42:13-37
208            android:permission="android.permission.BIND_JOB_SERVICE" />
208-->[com.google.android.gms:play-services-measurement:17.6.0] AndroidManifest.xml:43:13-69
209
210        <meta-data
210-->[com.google.android.gms:play-services-basement:17.0.0] AndroidManifest.xml:23:9-25:69
211            android:name="com.google.android.gms.version"
211-->[com.google.android.gms:play-services-basement:17.0.0] AndroidManifest.xml:24:13-58
212            android:value="@integer/google_play_services_version" />
212-->[com.google.android.gms:play-services-basement:17.0.0] AndroidManifest.xml:25:13-66
213
214        <provider
214-->[androidx.lifecycle:lifecycle-process:2.2.0] AndroidManifest.xml:25:9-29:43
215            android:name="androidx.lifecycle.ProcessLifecycleOwnerInitializer"
215-->[androidx.lifecycle:lifecycle-process:2.2.0] AndroidManifest.xml:26:13-79
216            android:authorities="com.carverauto.chaseapp.lifecycle-process"
216-->[androidx.lifecycle:lifecycle-process:2.2.0] AndroidManifest.xml:27:13-69
217            android:exported="false"
217-->[androidx.lifecycle:lifecycle-process:2.2.0] AndroidManifest.xml:28:13-37
218            android:multiprocess="true" />
218-->[androidx.lifecycle:lifecycle-process:2.2.0] AndroidManifest.xml:29:13-40
219
220        <service
220-->[com.google.android.datatransport:transport-backend-cct:2.2.0] AndroidManifest.xml:29:9-35:19
221            android:name="com.google.android.datatransport.runtime.backends.TransportBackendDiscovery"
221-->[com.google.android.datatransport:transport-backend-cct:2.2.0] AndroidManifest.xml:30:13-103
222            android:exported="false" >
222-->[com.google.android.datatransport:transport-backend-cct:2.2.0] AndroidManifest.xml:31:13-37
223            <meta-data
223-->[com.google.android.datatransport:transport-backend-cct:2.2.0] AndroidManifest.xml:32:13-34:39
224                android:name="backend:com.google.android.datatransport.cct.CctBackendFactory"
224-->[com.google.android.datatransport:transport-backend-cct:2.2.0] AndroidManifest.xml:33:17-94
225                android:value="cct" />
225-->[com.google.android.datatransport:transport-backend-cct:2.2.0] AndroidManifest.xml:34:17-36
226        </service>
227        <service
227-->[com.google.android.datatransport:transport-runtime:2.2.0] AndroidManifest.xml:26:9-30:19
228            android:name="com.google.android.datatransport.runtime.scheduling.jobscheduling.JobInfoSchedulerService"
228-->[com.google.android.datatransport:transport-runtime:2.2.0] AndroidManifest.xml:27:13-117
229            android:exported="false"
229-->[com.google.android.datatransport:transport-runtime:2.2.0] AndroidManifest.xml:28:13-37
230            android:permission="android.permission.BIND_JOB_SERVICE" >
230-->[com.google.android.datatransport:transport-runtime:2.2.0] AndroidManifest.xml:29:13-69
231        </service>
232
233        <receiver
233-->[com.google.android.datatransport:transport-runtime:2.2.0] AndroidManifest.xml:32:9-34:40
234            android:name="com.google.android.datatransport.runtime.scheduling.jobscheduling.AlarmManagerSchedulerBroadcastReceiver"
234-->[com.google.android.datatransport:transport-runtime:2.2.0] AndroidManifest.xml:33:13-132
235            android:exported="false" />
235-->[com.google.android.datatransport:transport-runtime:2.2.0] AndroidManifest.xml:34:13-37
236
237        <meta-data
237-->[com.android.billingclient:billing:3.0.1] AndroidManifest.xml:13:9-15:37
238            android:name="com.google.android.play.billingclient.version"
238-->[com.android.billingclient:billing:3.0.1] AndroidManifest.xml:14:13-73
239            android:value="3.0.1" />
239-->[com.android.billingclient:billing:3.0.1] AndroidManifest.xml:15:13-34
240
241        <activity
241-->[com.android.billingclient:billing:3.0.1] AndroidManifest.xml:17:9-21:75
242            android:name="com.android.billingclient.api.ProxyBillingActivity"
242-->[com.android.billingclient:billing:3.0.1] AndroidManifest.xml:18:13-78
243            android:configChanges="keyboard|keyboardHidden|screenLayout|screenSize|orientation"
243-->[com.android.billingclient:billing:3.0.1] AndroidManifest.xml:19:13-96
244            android:exported="false"
244-->[com.android.billingclient:billing:3.0.1] AndroidManifest.xml:20:13-37
245            android:theme="@android:style/Theme.Translucent.NoTitleBar" />
245-->[com.android.billingclient:billing:3.0.1] AndroidManifest.xml:21:13-72
246    </application>
247
248</manifest>